<?xml version="1.0" encoding="UTF-8"?>
<testng-results skipped="0" failed="0" total="1" passed="1">
  <reporter-output>
  </reporter-output>
  <suite name="Surefire suite" duration-ms="92" started-at="2016-06-21T07:02:36Z" finished-at="2016-06-21T07:02:36Z">
    <groups>
    </groups>
    <test name="Surefire test" duration-ms="92" started-at="2016-06-21T07:02:36Z" finished-at="2016-06-21T07:02:36Z">
      <class name="com.muks.jacocowrk.StudyGroupTest">
        <test-method status="PASS" signature="testStudyGroupClass()[pri:0, instance:testStudyGroupClass(com.muks.jacocowrk.StudyGroupTest)]" name="testStudyGroupClass" duration-ms="11" started-at="2016-06-21T12:32:36Z" finished-at="2016-06-21T12:32:36Z">
          <reporter-output>
          </reporter-output>
        </test-method> <!-- testStudyGroupClass -->
      </class> <!-- com.muks.jacocowrk.StudyGroupTest -->
    </test> <!-- Surefire test -->
  </suite> <!-- Surefire suite -->
</testng-results>
